CRITICAL - 2022-12-10 06:51:02 --> Invalid file: all_records.php
in SYSTEMPATH\Exceptions\FrameworkException.php on line 33.
 1 SYSTEMPATH\View\View.php(201): CodeIgniter\Exceptions\FrameworkException::forInvalidFile('all_records.php')
 2 SYSTEMPATH\Common.php(1134): CodeIgniter\View\View->render('all_records', [], true)
 3 APPPATH\Controllers\DashboardController.php(17): view('all_records')
 4 SYSTEMPATH\CodeIgniter.php(927): App\Controllers\DashboardController->allRecords()
 5 SYSTEMPATH\CodeIgniter.php(482): CodeIgniter\CodeIgniter->runController(Object(App\Controllers\DashboardController))
 6 SYSTEMPATH\CodeIgniter.php(351): CodeIgniter\CodeIgniter->handleRequest(null, Object(Config\Cache), false)
 7 FCPATH\index.php(67): CodeIgniter\CodeIgniter->run()
 8 SYSTEMPATH\Commands\Server\rewrite.php(46): require_once('FCPATH\\index.php')
ERROR - 2022-12-10 11:12:23 --> mysqli_sql_exception: Unknown table 'events_mgt.checkin' in C:\wamp64\www\codeigniter_projects\event_registration_form\vendor\codeigniter4\framework\system\Database\MySQLi\Connection.php:292
Stack trace:
#0 C:\wamp64\www\codeigniter_projects\event_registration_form\vendor\codeigniter4\framework\system\Database\MySQLi\Connection.php(292): mysqli->query('DROP TABLE `che...', 0)
#1 C:\wamp64\www\codeigniter_projects\event_registration_form\vendor\codeigniter4\framework\system\Database\BaseConnection.php(666): CodeIgniter\Database\MySQLi\Connection->execute('DROP TABLE `che...')
#2 C:\wamp64\www\codeigniter_projects\event_registration_form\vendor\codeigniter4\framework\system\Database\BaseConnection.php(593): CodeIgniter\Database\BaseConnection->simpleQuery('DROP TABLE `che...')
#3 C:\wamp64\www\codeigniter_projects\event_registration_form\vendor\codeigniter4\framework\system\Database\Forge.php(600): CodeIgniter\Database\BaseConnection->query('DROP TABLE `che...')
#4 C:\wamp64\www\codeigniter_projects\event_registration_form\app\Database\Migrations\2022-11-30-215449_Checkin.php(53): CodeIgniter\Database\Forge->dropTable('checkin')
#5 C:\wamp64\www\codeigniter_projects\event_registration_form\vendor\codeigniter4\framework\system\Database\MigrationRunner.php(868): App\Database\Migrations\Checkin->down()
#6 C:\wamp64\www\codeigniter_projects\event_registration_form\vendor\codeigniter4\framework\system\Database\MigrationRunner.php(298): CodeIgniter\Database\MigrationRunner->migrate('down', Object(stdClass))
#7 C:\wamp64\www\codeigniter_projects\event_registration_form\vendor\codeigniter4\framework\system\Commands\Database\MigrateRollback.php(92): CodeIgniter\Database\MigrationRunner->regress(0)
#8 C:\wamp64\www\codeigniter_projects\event_registration_form\vendor\codeigniter4\framework\system\CLI\Commands.php(63): CodeIgniter\Commands\Database\MigrateRollback->run(Array)
#9 C:\wamp64\www\codeigniter_projects\event_registration_form\vendor\codeigniter4\framework\system\CLI\BaseCommand.php(112): CodeIgniter\CLI\Commands->run('migrate:rollbac...', Array)
#10 C:\wamp64\www\codeigniter_projects\event_registration_form\vendor\codeigniter4\framework\system\Commands\Database\MigrateRefresh.php(84): CodeIgniter\CLI\BaseCommand->call('migrate:rollbac...', Array)
#11 C:\wamp64\www\codeigniter_projects\event_registration_form\vendor\codeigniter4\framework\system\CLI\Commands.php(63): CodeIgniter\Commands\Database\MigrateRefresh->run(Array)
#12 C:\wamp64\www\codeigniter_projects\event_registration_form\vendor\codeigniter4\framework\system\CLI\CommandRunner.php(65): CodeIgniter\CLI\Commands->run('migrate:refresh', Array)
#13 C:\wamp64\www\codeigniter_projects\event_registration_form\vendor\codeigniter4\framework\system\CLI\CommandRunner.php(51): CodeIgniter\CLI\CommandRunner->index(Array)
#14 C:\wamp64\www\codeigniter_projects\event_registration_form\vendor\codeigniter4\framework\system\CodeIgniter.php(920): CodeIgniter\CLI\CommandRunner->_remap('index', Array)
#15 C:\wamp64\www\codeigniter_projects\event_registration_form\vendor\codeigniter4\framework\system\CodeIgniter.php(482): CodeIgniter\CodeIgniter->runController(Object(CodeIgniter\CLI\CommandRunner))
#16 C:\wamp64\www\codeigniter_projects\event_registration_form\vendor\codeigniter4\framework\system\CodeIgniter.php(347): CodeIgniter\CodeIgniter->handleRequest(NULL, Object(Config\Cache), false)
#17 C:\wamp64\www\codeigniter_projects\event_registration_form\vendor\codeigniter4\framework\system\CLI\Console.php(48): CodeIgniter\CodeIgniter->run()
#18 C:\wamp64\www\codeigniter_projects\event_registration_form\spark(98): CodeIgniter\CLI\Console->run()
#19 {main}
ERROR - 2022-12-10 11:18:30 --> mysqli_sql_exception: Unknown table 'events_mgt.checkin' in C:\wamp64\www\codeigniter_projects\event_registration_form\vendor\codeigniter4\framework\system\Database\MySQLi\Connection.php:292
Stack trace:
#0 C:\wamp64\www\codeigniter_projects\event_registration_form\vendor\codeigniter4\framework\system\Database\MySQLi\Connection.php(292): mysqli->query('DROP TABLE `che...', 0)
#1 C:\wamp64\www\codeigniter_projects\event_registration_form\vendor\codeigniter4\framework\system\Database\BaseConnection.php(666): CodeIgniter\Database\MySQLi\Connection->execute('DROP TABLE `che...')
#2 C:\wamp64\www\codeigniter_projects\event_registration_form\vendor\codeigniter4\framework\system\Database\BaseConnection.php(593): CodeIgniter\Database\BaseConnection->simpleQuery('DROP TABLE `che...')
#3 C:\wamp64\www\codeigniter_projects\event_registration_form\vendor\codeigniter4\framework\system\Database\Forge.php(600): CodeIgniter\Database\BaseConnection->query('DROP TABLE `che...')
#4 C:\wamp64\www\codeigniter_projects\event_registration_form\app\Database\Migrations\2022-11-30-215449_Checkin.php(53): CodeIgniter\Database\Forge->dropTable('checkin')
#5 C:\wamp64\www\codeigniter_projects\event_registration_form\vendor\codeigniter4\framework\system\Database\MigrationRunner.php(868): App\Database\Migrations\Checkin->down()
#6 C:\wamp64\www\codeigniter_projects\event_registration_form\vendor\codeigniter4\framework\system\Database\MigrationRunner.php(298): CodeIgniter\Database\MigrationRunner->migrate('down', Object(stdClass))
#7 C:\wamp64\www\codeigniter_projects\event_registration_form\vendor\codeigniter4\framework\system\Commands\Database\MigrateRollback.php(92): CodeIgniter\Database\MigrationRunner->regress(0)
#8 C:\wamp64\www\codeigniter_projects\event_registration_form\vendor\codeigniter4\framework\system\CLI\Commands.php(63): CodeIgniter\Commands\Database\MigrateRollback->run(Array)
#9 C:\wamp64\www\codeigniter_projects\event_registration_form\vendor\codeigniter4\framework\system\CLI\BaseCommand.php(112): CodeIgniter\CLI\Commands->run('migrate:rollbac...', Array)
#10 C:\wamp64\www\codeigniter_projects\event_registration_form\vendor\codeigniter4\framework\system\Commands\Database\MigrateRefresh.php(84): CodeIgniter\CLI\BaseCommand->call('migrate:rollbac...', Array)
#11 C:\wamp64\www\codeigniter_projects\event_registration_form\vendor\codeigniter4\framework\system\CLI\Commands.php(63): CodeIgniter\Commands\Database\MigrateRefresh->run(Array)
#12 C:\wamp64\www\codeigniter_projects\event_registration_form\vendor\codeigniter4\framework\system\CLI\CommandRunner.php(65): CodeIgniter\CLI\Commands->run('migrate:refresh', Array)
#13 C:\wamp64\www\codeigniter_projects\event_registration_form\vendor\codeigniter4\framework\system\CLI\CommandRunner.php(51): CodeIgniter\CLI\CommandRunner->index(Array)
#14 C:\wamp64\www\codeigniter_projects\event_registration_form\vendor\codeigniter4\framework\system\CodeIgniter.php(920): CodeIgniter\CLI\CommandRunner->_remap('index', Array)
#15 C:\wamp64\www\codeigniter_projects\event_registration_form\vendor\codeigniter4\framework\system\CodeIgniter.php(482): CodeIgniter\CodeIgniter->runController(Object(CodeIgniter\CLI\CommandRunner))
#16 C:\wamp64\www\codeigniter_projects\event_registration_form\vendor\codeigniter4\framework\system\CodeIgniter.php(347): CodeIgniter\CodeIgniter->handleRequest(NULL, Object(Config\Cache), false)
#17 C:\wamp64\www\codeigniter_projects\event_registration_form\vendor\codeigniter4\framework\system\CLI\Console.php(48): CodeIgniter\CodeIgniter->run()
#18 C:\wamp64\www\codeigniter_projects\event_registration_form\spark(98): CodeIgniter\CLI\Console->run()
#19 {main}
ERROR - 2022-12-10 11:39:06 --> mysqli_sql_exception: Unknown table 'events_mgt.checkin' in C:\wamp64\www\codeigniter_projects\event_registration_form\vendor\codeigniter4\framework\system\Database\MySQLi\Connection.php:292
Stack trace:
#0 C:\wamp64\www\codeigniter_projects\event_registration_form\vendor\codeigniter4\framework\system\Database\MySQLi\Connection.php(292): mysqli->query('DROP TABLE `che...', 0)
#1 C:\wamp64\www\codeigniter_projects\event_registration_form\vendor\codeigniter4\framework\system\Database\BaseConnection.php(666): CodeIgniter\Database\MySQLi\Connection->execute('DROP TABLE `che...')
#2 C:\wamp64\www\codeigniter_projects\event_registration_form\vendor\codeigniter4\framework\system\Database\BaseConnection.php(593): CodeIgniter\Database\BaseConnection->simpleQuery('DROP TABLE `che...')
#3 C:\wamp64\www\codeigniter_projects\event_registration_form\vendor\codeigniter4\framework\system\Database\Forge.php(600): CodeIgniter\Database\BaseConnection->query('DROP TABLE `che...')
#4 C:\wamp64\www\codeigniter_projects\event_registration_form\app\Database\Migrations\2022-11-30-215449_Checkin.php(53): CodeIgniter\Database\Forge->dropTable('checkin')
#5 C:\wamp64\www\codeigniter_projects\event_registration_form\vendor\codeigniter4\framework\system\Database\MigrationRunner.php(868): App\Database\Migrations\Checkin->down()
#6 C:\wamp64\www\codeigniter_projects\event_registration_form\vendor\codeigniter4\framework\system\Database\MigrationRunner.php(298): CodeIgniter\Database\MigrationRunner->migrate('down', Object(stdClass))
#7 C:\wamp64\www\codeigniter_projects\event_registration_form\vendor\codeigniter4\framework\system\Commands\Database\MigrateRollback.php(92): CodeIgniter\Database\MigrationRunner->regress(0)
#8 C:\wamp64\www\codeigniter_projects\event_registration_form\vendor\codeigniter4\framework\system\CLI\Commands.php(63): CodeIgniter\Commands\Database\MigrateRollback->run(Array)
#9 C:\wamp64\www\codeigniter_projects\event_registration_form\vendor\codeigniter4\framework\system\CLI\BaseCommand.php(112): CodeIgniter\CLI\Commands->run('migrate:rollbac...', Array)
#10 C:\wamp64\www\codeigniter_projects\event_registration_form\vendor\codeigniter4\framework\system\Commands\Database\MigrateRefresh.php(84): CodeIgniter\CLI\BaseCommand->call('migrate:rollbac...', Array)
#11 C:\wamp64\www\codeigniter_projects\event_registration_form\vendor\codeigniter4\framework\system\CLI\Commands.php(63): CodeIgniter\Commands\Database\MigrateRefresh->run(Array)
#12 C:\wamp64\www\codeigniter_projects\event_registration_form\vendor\codeigniter4\framework\system\CLI\CommandRunner.php(65): CodeIgniter\CLI\Commands->run('migrate:refresh', Array)
#13 C:\wamp64\www\codeigniter_projects\event_registration_form\vendor\codeigniter4\framework\system\CLI\CommandRunner.php(51): CodeIgniter\CLI\CommandRunner->index(Array)
#14 C:\wamp64\www\codeigniter_projects\event_registration_form\vendor\codeigniter4\framework\system\CodeIgniter.php(920): CodeIgniter\CLI\CommandRunner->_remap('index', Array)
#15 C:\wamp64\www\codeigniter_projects\event_registration_form\vendor\codeigniter4\framework\system\CodeIgniter.php(482): CodeIgniter\CodeIgniter->runController(Object(CodeIgniter\CLI\CommandRunner))
#16 C:\wamp64\www\codeigniter_projects\event_registration_form\vendor\codeigniter4\framework\system\CodeIgniter.php(347): CodeIgniter\CodeIgniter->handleRequest(NULL, Object(Config\Cache), false)
#17 C:\wamp64\www\codeigniter_projects\event_registration_form\vendor\codeigniter4\framework\system\CLI\Console.php(48): CodeIgniter\CodeIgniter->run()
#18 C:\wamp64\www\codeigniter_projects\event_registration_form\spark(98): CodeIgniter\CLI\Console->run()
#19 {main}
ERROR - 2022-12-10 11:41:10 --> mysqli_sql_exception: Unknown table 'events_mgt.checkin' in C:\wamp64\www\codeigniter_projects\event_registration_form\vendor\codeigniter4\framework\system\Database\MySQLi\Connection.php:292
Stack trace:
#0 C:\wamp64\www\codeigniter_projects\event_registration_form\vendor\codeigniter4\framework\system\Database\MySQLi\Connection.php(292): mysqli->query('DROP TABLE `che...', 0)
#1 C:\wamp64\www\codeigniter_projects\event_registration_form\vendor\codeigniter4\framework\system\Database\BaseConnection.php(666): CodeIgniter\Database\MySQLi\Connection->execute('DROP TABLE `che...')
#2 C:\wamp64\www\codeigniter_projects\event_registration_form\vendor\codeigniter4\framework\system\Database\BaseConnection.php(593): CodeIgniter\Database\BaseConnection->simpleQuery('DROP TABLE `che...')
#3 C:\wamp64\www\codeigniter_projects\event_registration_form\vendor\codeigniter4\framework\system\Database\Forge.php(600): CodeIgniter\Database\BaseConnection->query('DROP TABLE `che...')
#4 C:\wamp64\www\codeigniter_projects\event_registration_form\app\Database\Migrations\2022-11-30-215449_Checkin.php(53): CodeIgniter\Database\Forge->dropTable('checkin')
#5 C:\wamp64\www\codeigniter_projects\event_registration_form\vendor\codeigniter4\framework\system\Database\MigrationRunner.php(868): App\Database\Migrations\Checkin->down()
#6 C:\wamp64\www\codeigniter_projects\event_registration_form\vendor\codeigniter4\framework\system\Database\MigrationRunner.php(298): CodeIgniter\Database\MigrationRunner->migrate('down', Object(stdClass))
#7 C:\wamp64\www\codeigniter_projects\event_registration_form\vendor\codeigniter4\framework\system\Commands\Database\MigrateRollback.php(92): CodeIgniter\Database\MigrationRunner->regress(0)
#8 C:\wamp64\www\codeigniter_projects\event_registration_form\vendor\codeigniter4\framework\system\CLI\Commands.php(63): CodeIgniter\Commands\Database\MigrateRollback->run(Array)
#9 C:\wamp64\www\codeigniter_projects\event_registration_form\vendor\codeigniter4\framework\system\CLI\BaseCommand.php(112): CodeIgniter\CLI\Commands->run('migrate:rollbac...', Array)
#10 C:\wamp64\www\codeigniter_projects\event_registration_form\vendor\codeigniter4\framework\system\Commands\Database\MigrateRefresh.php(84): CodeIgniter\CLI\BaseCommand->call('migrate:rollbac...', Array)
#11 C:\wamp64\www\codeigniter_projects\event_registration_form\vendor\codeigniter4\framework\system\CLI\Commands.php(63): CodeIgniter\Commands\Database\MigrateRefresh->run(Array)
#12 C:\wamp64\www\codeigniter_projects\event_registration_form\vendor\codeigniter4\framework\system\CLI\CommandRunner.php(65): CodeIgniter\CLI\Commands->run('migrate:refresh', Array)
#13 C:\wamp64\www\codeigniter_projects\event_registration_form\vendor\codeigniter4\framework\system\CLI\CommandRunner.php(51): CodeIgniter\CLI\CommandRunner->index(Array)
#14 C:\wamp64\www\codeigniter_projects\event_registration_form\vendor\codeigniter4\framework\system\CodeIgniter.php(920): CodeIgniter\CLI\CommandRunner->_remap('index', Array)
#15 C:\wamp64\www\codeigniter_projects\event_registration_form\vendor\codeigniter4\framework\system\CodeIgniter.php(482): CodeIgniter\CodeIgniter->runController(Object(CodeIgniter\CLI\CommandRunner))
#16 C:\wamp64\www\codeigniter_projects\event_registration_form\vendor\codeigniter4\framework\system\CodeIgniter.php(347): CodeIgniter\CodeIgniter->handleRequest(NULL, Object(Config\Cache), false)
#17 C:\wamp64\www\codeigniter_projects\event_registration_form\vendor\codeigniter4\framework\system\CLI\Console.php(48): CodeIgniter\CodeIgniter->run()
#18 C:\wamp64\www\codeigniter_projects\event_registration_form\spark(98): CodeIgniter\CLI\Console->run()
#19 {main}
