ERROR - 2023-01-25 04:45:31 --> mysqli_sql_exception: Table 'events_mgt.checkedIn' doesn't exist in /var/www/events_registration_app_with_codeigniter/vendor/codeigniter4/framework/system/Database/MySQLi/Connection.php:292
Stack trace:
#0 /var/www/events_registration_app_with_codeigniter/vendor/codeigniter4/framework/system/Database/MySQLi/Connection.php(292): mysqli->query()
#1 /var/www/events_registration_app_with_codeigniter/vendor/codeigniter4/framework/system/Database/BaseConnection.php(666): CodeIgniter\Database\MySQLi\Connection->execute()
#2 /var/www/events_registration_app_with_codeigniter/vendor/codeigniter4/framework/system/Database/BaseConnection.php(593): CodeIgniter\Database\BaseConnection->simpleQuery()
#3 /var/www/events_registration_app_with_codeigniter/app/Controllers/DashboardController.php(45): CodeIgniter\Database\BaseConnection->query()
#4 /var/www/events_registration_app_with_codeigniter/vendor/codeigniter4/framework/system/CodeIgniter.php(927): App\Controllers\DashboardController->checkedIn()
#5 /var/www/events_registration_app_with_codeigniter/vendor/codeigniter4/framework/system/CodeIgniter.php(482): CodeIgniter\CodeIgniter->runController()
#6 /var/www/events_registration_app_with_codeigniter/vendor/codeigniter4/framework/system/CodeIgniter.php(351): CodeIgniter\CodeIgniter->handleRequest()
#7 /var/www/events_registration_app_with_codeigniter/public/index.php(67): CodeIgniter\CodeIgniter->run()
#8 {main}
CRITICAL - 2023-01-25 04:45:31 --> Table 'events_mgt.checkedIn' doesn't exist
in SYSTEMPATH/Database/MySQLi/Connection.php on line 292.
 1 SYSTEMPATH/Database/MySQLi/Connection.php(292): mysqli->query()
 2 SYSTEMPATH/Database/BaseConnection.php(666): CodeIgniter\Database\MySQLi\Connection->execute()
 3 SYSTEMPATH/Database/BaseConnection.php(593): CodeIgniter\Database\BaseConnection->simpleQuery()
 4 APPPATH/Controllers/DashboardController.php(45): CodeIgniter\Database\BaseConnection->query()
 5 SYSTEMPATH/CodeIgniter.php(927): App\Controllers\DashboardController->checkedIn()
 6 SYSTEMPATH/CodeIgniter.php(482): CodeIgniter\CodeIgniter->runController()
 7 SYSTEMPATH/CodeIgniter.php(351): CodeIgniter\CodeIgniter->handleRequest()
 8 FCPATH/index.php(67): CodeIgniter\CodeIgniter->run()
CRITICAL - 2023-01-25 05:51:24 --> Array to string conversion
in APPPATH/Controllers/DashboardController.php on line 44.
 1 APPPATH/Controllers/DashboardController.php(44): CodeIgniter\Debug\Exceptions->errorHandler()
 2 SYSTEMPATH/CodeIgniter.php(927): App\Controllers\DashboardController->checkedIn()
 3 SYSTEMPATH/CodeIgniter.php(482): CodeIgniter\CodeIgniter->runController()
 4 SYSTEMPATH/CodeIgniter.php(351): CodeIgniter\CodeIgniter->handleRequest()
 5 FCPATH/index.php(67): CodeIgniter\CodeIgniter->run()
CRITICAL - 2023-01-25 06:10:36 --> Array to string conversion
in APPPATH/Views/dashboard/checked_in.php on line 23.
 1 APPPATH/Views/dashboard/checked_in.php(23): CodeIgniter\Debug\Exceptions->errorHandler()
 2 SYSTEMPATH/View/View.php(213): include('APPPATH/Views/dashboard/checked_in.php')
 3 SYSTEMPATH/View/View.php(216): CodeIgniter\View\View->CodeIgniter\View\{closure}()
 4 SYSTEMPATH/Common.php(1134): CodeIgniter\View\View->render()
 5 APPPATH/Controllers/DashboardController.php(51): view()
 6 SYSTEMPATH/CodeIgniter.php(927): App\Controllers\DashboardController->checkedIn()
 7 SYSTEMPATH/CodeIgniter.php(482): CodeIgniter\CodeIgniter->runController()
 8 SYSTEMPATH/CodeIgniter.php(351): CodeIgniter\CodeIgniter->handleRequest()
 9 FCPATH/index.php(67): CodeIgniter\CodeIgniter->run()
CRITICAL - 2023-01-25 06:24:55 --> Array to string conversion
in APPPATH/Views/dashboard/checked_in.php on line 18.
 1 APPPATH/Views/dashboard/checked_in.php(18): CodeIgniter\Debug\Exceptions->errorHandler()
 2 SYSTEMPATH/View/View.php(213): include('APPPATH/Views/dashboard/checked_in.php')
 3 SYSTEMPATH/View/View.php(216): CodeIgniter\View\View->CodeIgniter\View\{closure}()
 4 SYSTEMPATH/Common.php(1134): CodeIgniter\View\View->render()
 5 APPPATH/Controllers/DashboardController.php(48): view()
 6 SYSTEMPATH/CodeIgniter.php(927): App\Controllers\DashboardController->checkedIn()
 7 SYSTEMPATH/CodeIgniter.php(482): CodeIgniter\CodeIgniter->runController()
 8 SYSTEMPATH/CodeIgniter.php(351): CodeIgniter\CodeIgniter->handleRequest()
 9 FCPATH/index.php(67): CodeIgniter\CodeIgniter->run()
CRITICAL - 2023-01-25 06:28:44 --> Array to string conversion
in APPPATH/Views/dashboard/checked_in.php on line 18.
 1 APPPATH/Views/dashboard/checked_in.php(18): CodeIgniter\Debug\Exceptions->errorHandler()
 2 SYSTEMPATH/View/View.php(213): include('APPPATH/Views/dashboard/checked_in.php')
 3 SYSTEMPATH/View/View.php(216): CodeIgniter\View\View->CodeIgniter\View\{closure}()
 4 SYSTEMPATH/Common.php(1134): CodeIgniter\View\View->render()
 5 APPPATH/Controllers/DashboardController.php(48): view()
 6 SYSTEMPATH/CodeIgniter.php(927): App\Controllers\DashboardController->checkedIn()
 7 SYSTEMPATH/CodeIgniter.php(482): CodeIgniter\CodeIgniter->runController()
 8 SYSTEMPATH/CodeIgniter.php(351): CodeIgniter\CodeIgniter->handleRequest()
 9 FCPATH/index.php(67): CodeIgniter\CodeIgniter->run()
CRITICAL - 2023-01-25 06:28:48 --> Array to string conversion
in APPPATH/Views/dashboard/checked_in.php on line 18.
 1 APPPATH/Views/dashboard/checked_in.php(18): CodeIgniter\Debug\Exceptions->errorHandler()
 2 SYSTEMPATH/View/View.php(213): include('APPPATH/Views/dashboard/checked_in.php')
 3 SYSTEMPATH/View/View.php(216): CodeIgniter\View\View->CodeIgniter\View\{closure}()
 4 SYSTEMPATH/Common.php(1134): CodeIgniter\View\View->render()
 5 APPPATH/Controllers/DashboardController.php(48): view()
 6 SYSTEMPATH/CodeIgniter.php(927): App\Controllers\DashboardController->checkedIn()
 7 SYSTEMPATH/CodeIgniter.php(482): CodeIgniter\CodeIgniter->runController()
 8 SYSTEMPATH/CodeIgniter.php(351): CodeIgniter\CodeIgniter->handleRequest()
 9 FCPATH/index.php(67): CodeIgniter\CodeIgniter->run()
CRITICAL - 2023-01-25 06:28:51 --> Array to string conversion
in APPPATH/Views/dashboard/checked_in.php on line 18.
 1 APPPATH/Views/dashboard/checked_in.php(18): CodeIgniter\Debug\Exceptions->errorHandler()
 2 SYSTEMPATH/View/View.php(213): include('APPPATH/Views/dashboard/checked_in.php')
 3 SYSTEMPATH/View/View.php(216): CodeIgniter\View\View->CodeIgniter\View\{closure}()
 4 SYSTEMPATH/Common.php(1134): CodeIgniter\View\View->render()
 5 APPPATH/Controllers/DashboardController.php(48): view()
 6 SYSTEMPATH/CodeIgniter.php(927): App\Controllers\DashboardController->checkedIn()
 7 SYSTEMPATH/CodeIgniter.php(482): CodeIgniter\CodeIgniter->runController()
 8 SYSTEMPATH/CodeIgniter.php(351): CodeIgniter\CodeIgniter->handleRequest()
 9 FCPATH/index.php(67): CodeIgniter\CodeIgniter->run()
CRITICAL - 2023-01-25 06:37:34 --> Array to string conversion
in APPPATH/Views/dashboard/checked_in.php on line 18.
 1 APPPATH/Views/dashboard/checked_in.php(18): CodeIgniter\Debug\Exceptions->errorHandler()
 2 SYSTEMPATH/View/View.php(213): include('APPPATH/Views/dashboard/checked_in.php')
 3 SYSTEMPATH/View/View.php(216): CodeIgniter\View\View->CodeIgniter\View\{closure}()
 4 SYSTEMPATH/Common.php(1134): CodeIgniter\View\View->render()
 5 APPPATH/Controllers/DashboardController.php(48): view()
 6 SYSTEMPATH/CodeIgniter.php(927): App\Controllers\DashboardController->checkedIn()
 7 SYSTEMPATH/CodeIgniter.php(482): CodeIgniter\CodeIgniter->runController()
 8 SYSTEMPATH/CodeIgniter.php(351): CodeIgniter\CodeIgniter->handleRequest()
 9 FCPATH/index.php(67): CodeIgniter\CodeIgniter->run()
CRITICAL - 2023-01-25 06:55:47 --> Array to string conversion
in APPPATH/Controllers/DashboardController.php on line 50.
 1 APPPATH/Controllers/DashboardController.php(50): CodeIgniter\Debug\Exceptions->errorHandler()
 2 SYSTEMPATH/CodeIgniter.php(927): App\Controllers\DashboardController->checkedIn()
 3 SYSTEMPATH/CodeIgniter.php(482): CodeIgniter\CodeIgniter->runController()
 4 SYSTEMPATH/CodeIgniter.php(351): CodeIgniter\CodeIgniter->handleRequest()
 5 FCPATH/index.php(67): CodeIgniter\CodeIgniter->run()
ERROR - 2023-01-25 07:45:11 --> mysqli_sql_exception: Table 'events_mgt.mytable' doesn't exist in /var/www/events_registration_app_with_codeigniter/vendor/codeigniter4/framework/system/Database/MySQLi/Connection.php:292
Stack trace:
#0 /var/www/events_registration_app_with_codeigniter/vendor/codeigniter4/framework/system/Database/MySQLi/Connection.php(292): mysqli->query()
#1 /var/www/events_registration_app_with_codeigniter/vendor/codeigniter4/framework/system/Database/BaseConnection.php(666): CodeIgniter\Database\MySQLi\Connection->execute()
#2 /var/www/events_registration_app_with_codeigniter/vendor/codeigniter4/framework/system/Database/BaseConnection.php(593): CodeIgniter\Database\BaseConnection->simpleQuery()
#3 /var/www/events_registration_app_with_codeigniter/vendor/codeigniter4/framework/system/Database/BaseBuilder.php(1585): CodeIgniter\Database\BaseConnection->query()
#4 /var/www/events_registration_app_with_codeigniter/app/Controllers/DashboardController.php(45): CodeIgniter\Database\BaseBuilder->get()
#5 /var/www/events_registration_app_with_codeigniter/vendor/codeigniter4/framework/system/CodeIgniter.php(927): App\Controllers\DashboardController->checkedIn()
#6 /var/www/events_registration_app_with_codeigniter/vendor/codeigniter4/framework/system/CodeIgniter.php(482): CodeIgniter\CodeIgniter->runController()
#7 /var/www/events_registration_app_with_codeigniter/vendor/codeigniter4/framework/system/CodeIgniter.php(351): CodeIgniter\CodeIgniter->handleRequest()
#8 /var/www/events_registration_app_with_codeigniter/public/index.php(67): CodeIgniter\CodeIgniter->run()
#9 {main}
CRITICAL - 2023-01-25 07:45:11 --> Table 'events_mgt.mytable' doesn't exist
in SYSTEMPATH/Database/MySQLi/Connection.php on line 292.
 1 SYSTEMPATH/Database/MySQLi/Connection.php(292): mysqli->query()
 2 SYSTEMPATH/Database/BaseConnection.php(666): CodeIgniter\Database\MySQLi\Connection->execute()
 3 SYSTEMPATH/Database/BaseConnection.php(593): CodeIgniter\Database\BaseConnection->simpleQuery()
 4 SYSTEMPATH/Database/BaseBuilder.php(1585): CodeIgniter\Database\BaseConnection->query()
 5 APPPATH/Controllers/DashboardController.php(45): CodeIgniter\Database\BaseBuilder->get()
 6 SYSTEMPATH/CodeIgniter.php(927): App\Controllers\DashboardController->checkedIn()
 7 SYSTEMPATH/CodeIgniter.php(482): CodeIgniter\CodeIgniter->runController()
 8 SYSTEMPATH/CodeIgniter.php(351): CodeIgniter\CodeIgniter->handleRequest()
 9 FCPATH/index.php(67): CodeIgniter\CodeIgniter->run()
CRITICAL - 2023-01-25 08:14:26 --> Undefined array key "id"
in APPPATH/Views/dashboard/registered.php on line 18.
 1 APPPATH/Views/dashboard/registered.php(18): CodeIgniter\Debug\Exceptions->errorHandler()
 2 SYSTEMPATH/View/View.php(213): include('APPPATH/Views/dashboard/registered.php')
 3 SYSTEMPATH/View/View.php(216): CodeIgniter\View\View->CodeIgniter\View\{closure}()
 4 SYSTEMPATH/Common.php(1134): CodeIgniter\View\View->render()
 5 APPPATH/Controllers/DashboardController.php(42): view()
 6 SYSTEMPATH/CodeIgniter.php(927): App\Controllers\DashboardController->registered()
 7 SYSTEMPATH/CodeIgniter.php(482): CodeIgniter\CodeIgniter->runController()
 8 SYSTEMPATH/CodeIgniter.php(351): CodeIgniter\CodeIgniter->handleRequest()
 9 FCPATH/index.php(67): CodeIgniter\CodeIgniter->run()
