ERROR - 2022-12-02 05:24:50 --> Email: sendWithMail throwed ErrorException: mail(): Failed to connect to mailserver at &quot;localhost&quot; port 25, verify your &quot;SMTP&quot; and &quot;smtp_port&quot; setting in php.ini or use ini_set() in C:\wamp64\www\codeigniter_projects\event_registration_form\vendor\codeigniter4\framework\system\Email\Email.php:1730
Stack trace:
#0 [internal function]: CodeIgniter\Debug\Exceptions->errorHandler(2, 'mail(): Failed ...', 'C:\\wamp64\\www\\c...', 1730)
#1 C:\wamp64\www\codeigniter_projects\event_registration_form\vendor\codeigniter4\framework\system\Email\Email.php(1730): mail('mzerterdoo6@gma...', '=?UTF-8?Q?<pre>...', 'This is a multi...', 'Date: Fri, 2 De...', '-f mzeremmanuel...')
#2 C:\wamp64\www\codeigniter_projects\event_registration_form\vendor\codeigniter4\framework\system\Email\Email.php(1662): CodeIgniter\Email\Email->sendWithMail()
#3 C:\wamp64\www\codeigniter_projects\event_registration_form\vendor\codeigniter4\framework\system\Email\Email.php(1560): CodeIgniter\Email\Email->spoolEmail()
#4 C:\wamp64\www\codeigniter_projects\event_registration_form\app\Controllers\RegistrationController.php(121): CodeIgniter\Email\Email->send()
#5 C:\wamp64\www\codeigniter_projects\event_registration_form\app\Controllers\RegistrationController.php(92): App\Controllers\RegistrationController->sendMail('mzerterdoo6@gma...', 1, '<pre>\n         ...', 'Techies Event R...')
#6 C:\wamp64\www\codeigniter_projects\event_registration_form\vendor\codeigniter4\framework\system\CodeIgniter.php(927): App\Controllers\RegistrationController->register()
#7 C:\wamp64\www\codeigniter_projects\event_registration_form\vendor\codeigniter4\framework\system\CodeIgniter.php(482): CodeIgniter\CodeIgniter->runController(Object(App\Controllers\RegistrationController))
#8 C:\wamp64\www\codeigniter_projects\event_registration_form\vendor\codeigniter4\framework\system\CodeIgniter.php(351): CodeIgniter\CodeIgniter->handleRequest(NULL, Object(Config\Cache), false)
#9 C:\wamp64\www\codeigniter_projects\event_registration_form\public\index.php(67): CodeIgniter\CodeIgniter->run()
#10 C:\wamp64\www\codeigniter_projects\event_registration_form\vendor\codeigniter4\framework\system\Commands\Server\rewrite.php(46): require_once('C:\\wamp64\\www\\c...')
#11 {main}
ERROR - 2022-12-02 05:24:50 --> Email: Unable to send email using PHP mail(). Your server might not be configured to send mail using this method.
ERROR - 2022-12-02 05:24:50 --> 
ERROR - 2022-12-02 05:51:37 --> Email: sendWithSmtp throwed ErrorException: stream_socket_enable_crypto(): SSL: The operation completed successfully in C:\wamp64\www\codeigniter_projects\event_registration_form\vendor\codeigniter4\framework\system\Email\Email.php:1881
Stack trace:
#0 [internal function]: CodeIgniter\Debug\Exceptions->errorHandler(2, 'stream_socket_e...', 'C:\\wamp64\\www\\c...', 1881)
#1 C:\wamp64\www\codeigniter_projects\event_registration_form\vendor\codeigniter4\framework\system\Email\Email.php(1881): stream_socket_enable_crypto(Resource id #143, true, 57)
#2 C:\wamp64\www\codeigniter_projects\event_registration_form\vendor\codeigniter4\framework\system\Email\Email.php(1777): CodeIgniter\Email\Email->SMTPConnect()
#3 C:\wamp64\www\codeigniter_projects\event_registration_form\vendor\codeigniter4\framework\system\Email\Email.php(1662): CodeIgniter\Email\Email->sendWithSmtp()
#4 C:\wamp64\www\codeigniter_projects\event_registration_form\vendor\codeigniter4\framework\system\Email\Email.php(1560): CodeIgniter\Email\Email->spoolEmail()
#5 C:\wamp64\www\codeigniter_projects\event_registration_form\app\Controllers\RegistrationController.php(121): CodeIgniter\Email\Email->send()
#6 C:\wamp64\www\codeigniter_projects\event_registration_form\app\Controllers\RegistrationController.php(92): App\Controllers\RegistrationController->sendMail('mzerterdoo6@gma...', 1, '<pre>\n         ...', 'Techies Event R...')
#7 C:\wamp64\www\codeigniter_projects\event_registration_form\vendor\codeigniter4\framework\system\CodeIgniter.php(927): App\Controllers\RegistrationController->register()
#8 C:\wamp64\www\codeigniter_projects\event_registration_form\vendor\codeigniter4\framework\system\CodeIgniter.php(482): CodeIgniter\CodeIgniter->runController(Object(App\Controllers\RegistrationController))
#9 C:\wamp64\www\codeigniter_projects\event_registration_form\vendor\codeigniter4\framework\system\CodeIgniter.php(351): CodeIgniter\CodeIgniter->handleRequest(NULL, Object(Config\Cache), false)
#10 C:\wamp64\www\codeigniter_projects\event_registration_form\public\index.php(67): CodeIgniter\CodeIgniter->run()
#11 C:\wamp64\www\codeigniter_projects\event_registration_form\vendor\codeigniter4\framework\system\Commands\Server\rewrite.php(46): require_once('C:\\wamp64\\www\\c...')
#12 {main}
ERROR - 2022-12-02 05:51:37 --> Email: Unable to send email using SMTP. Your server might not be configured to send mail using this method.
ERROR - 2022-12-02 05:51:37 --> 220 mx.zohomail.com SMTP Server ready December 2, 2022 3:51:35 AM PST

hello: 550 Transaction failed; HELO/EHLO argument not accepted

The following SMTP error was encountered: 550 Transaction failed; HELO/EHLO argument not accepted

starttls: 421 Local Error, closing transmission channel

The following SMTP error was encountered: 421 Local Error, closing transmission channel

ERROR - 2022-12-02 05:51:37 --> Email: sendWithSmtp throwed ErrorException: fwrite(): Send of 6 bytes failed with errno=10053 An established connection was aborted by the software in your host machine in C:\wamp64\www\codeigniter_projects\event_registration_form\vendor\codeigniter4\framework\system\Email\Email.php:2034
Stack trace:
#0 [internal function]: CodeIgniter\Debug\Exceptions->errorHandler(8, 'fwrite(): Send ...', 'C:\\wamp64\\www\\c...', 2034)
#1 C:\wamp64\www\codeigniter_projects\event_registration_form\vendor\codeigniter4\framework\system\Email\Email.php(2034): fwrite(Resource id #143, 'QUIT\r\n')
#2 C:\wamp64\www\codeigniter_projects\event_registration_form\vendor\codeigniter4\framework\system\Email\Email.php(1943): CodeIgniter\Email\Email->sendData('QUIT\r\n')
#3 C:\wamp64\www\codeigniter_projects\event_registration_form\vendor\codeigniter4\framework\system\Email\Email.php(2171): CodeIgniter\Email\Email->sendCommand('quit')
#4 [internal function]: CodeIgniter\Email\Email->__destruct()
#5 {main}
ERROR - 2022-12-02 06:14:53 --> Email: sendWithSmtp throwed ErrorException: stream_socket_enable_crypto(): SSL: The operation completed successfully in C:\wamp64\www\codeigniter_projects\event_registration_form\vendor\codeigniter4\framework\system\Email\Email.php:1881
Stack trace:
#0 [internal function]: CodeIgniter\Debug\Exceptions->errorHandler(2, 'stream_socket_e...', 'C:\\wamp64\\www\\c...', 1881)
#1 C:\wamp64\www\codeigniter_projects\event_registration_form\vendor\codeigniter4\framework\system\Email\Email.php(1881): stream_socket_enable_crypto(Resource id #143, true, 57)
#2 C:\wamp64\www\codeigniter_projects\event_registration_form\vendor\codeigniter4\framework\system\Email\Email.php(1777): CodeIgniter\Email\Email->SMTPConnect()
#3 C:\wamp64\www\codeigniter_projects\event_registration_form\vendor\codeigniter4\framework\system\Email\Email.php(1662): CodeIgniter\Email\Email->sendWithSmtp()
#4 C:\wamp64\www\codeigniter_projects\event_registration_form\vendor\codeigniter4\framework\system\Email\Email.php(1560): CodeIgniter\Email\Email->spoolEmail()
#5 C:\wamp64\www\codeigniter_projects\event_registration_form\app\Controllers\RegistrationController.php(122): CodeIgniter\Email\Email->send()
#6 C:\wamp64\www\codeigniter_projects\event_registration_form\app\Controllers\RegistrationController.php(93): App\Controllers\RegistrationController->sendMail()
#7 C:\wamp64\www\codeigniter_projects\event_registration_form\vendor\codeigniter4\framework\system\CodeIgniter.php(927): App\Controllers\RegistrationController->register()
#8 C:\wamp64\www\codeigniter_projects\event_registration_form\vendor\codeigniter4\framework\system\CodeIgniter.php(482): CodeIgniter\CodeIgniter->runController(Object(App\Controllers\RegistrationController))
#9 C:\wamp64\www\codeigniter_projects\event_registration_form\vendor\codeigniter4\framework\system\CodeIgniter.php(351): CodeIgniter\CodeIgniter->handleRequest(NULL, Object(Config\Cache), false)
#10 C:\wamp64\www\codeigniter_projects\event_registration_form\public\index.php(67): CodeIgniter\CodeIgniter->run()
#11 C:\wamp64\www\codeigniter_projects\event_registration_form\vendor\codeigniter4\framework\system\Commands\Server\rewrite.php(46): require_once('C:\\wamp64\\www\\c...')
#12 {main}
ERROR - 2022-12-02 06:14:53 --> Email: Unable to send email using SMTP. Your server might not be configured to send mail using this method.
ERROR - 2022-12-02 06:14:53 --> 220 mx.zohomail.com SMTP Server ready December 2, 2022 4:14:51 AM PST

hello: 550 Transaction failed; HELO/EHLO argument not accepted

The following SMTP error was encountered: 550 Transaction failed; HELO/EHLO argument not accepted

starttls: 421 Local Error, closing transmission channel

The following SMTP error was encountered: 421 Local Error, closing transmission channel

ERROR - 2022-12-02 06:14:53 --> Email: sendWithSmtp throwed ErrorException: fwrite(): Send of 6 bytes failed with errno=10053 An established connection was aborted by the software in your host machine in C:\wamp64\www\codeigniter_projects\event_registration_form\vendor\codeigniter4\framework\system\Email\Email.php:2034
Stack trace:
#0 [internal function]: CodeIgniter\Debug\Exceptions->errorHandler(8, 'fwrite(): Send ...', 'C:\\wamp64\\www\\c...', 2034)
#1 C:\wamp64\www\codeigniter_projects\event_registration_form\vendor\codeigniter4\framework\system\Email\Email.php(2034): fwrite(Resource id #143, 'QUIT\r\n')
#2 C:\wamp64\www\codeigniter_projects\event_registration_form\vendor\codeigniter4\framework\system\Email\Email.php(1943): CodeIgniter\Email\Email->sendData('QUIT\r\n')
#3 C:\wamp64\www\codeigniter_projects\event_registration_form\vendor\codeigniter4\framework\system\Email\Email.php(2171): CodeIgniter\Email\Email->sendCommand('quit')
#4 [internal function]: CodeIgniter\Email\Email->__destruct()
#5 {main}
ERROR - 2022-12-02 06:55:17 --> Email: sendWithSmtp throwed ErrorException: stream_socket_enable_crypto(): SSL: Handshake timed out in C:\wamp64\www\codeigniter_projects\event_registration_form\vendor\codeigniter4\framework\system\Email\Email.php:1881
Stack trace:
#0 [internal function]: CodeIgniter\Debug\Exceptions->errorHandler(2, 'stream_socket_e...', 'C:\\wamp64\\www\\c...', 1881)
#1 C:\wamp64\www\codeigniter_projects\event_registration_form\vendor\codeigniter4\framework\system\Email\Email.php(1881): stream_socket_enable_crypto(Resource id #143, true, 57)
#2 C:\wamp64\www\codeigniter_projects\event_registration_form\vendor\codeigniter4\framework\system\Email\Email.php(1777): CodeIgniter\Email\Email->SMTPConnect()
#3 C:\wamp64\www\codeigniter_projects\event_registration_form\vendor\codeigniter4\framework\system\Email\Email.php(1662): CodeIgniter\Email\Email->sendWithSmtp()
#4 C:\wamp64\www\codeigniter_projects\event_registration_form\vendor\codeigniter4\framework\system\Email\Email.php(1560): CodeIgniter\Email\Email->spoolEmail()
#5 C:\wamp64\www\codeigniter_projects\event_registration_form\app\Controllers\RegistrationController.php(122): CodeIgniter\Email\Email->send()
#6 C:\wamp64\www\codeigniter_projects\event_registration_form\app\Controllers\RegistrationController.php(93): App\Controllers\RegistrationController->sendMail()
#7 C:\wamp64\www\codeigniter_projects\event_registration_form\vendor\codeigniter4\framework\system\CodeIgniter.php(927): App\Controllers\RegistrationController->register()
#8 C:\wamp64\www\codeigniter_projects\event_registration_form\vendor\codeigniter4\framework\system\CodeIgniter.php(482): CodeIgniter\CodeIgniter->runController(Object(App\Controllers\RegistrationController))
#9 C:\wamp64\www\codeigniter_projects\event_registration_form\vendor\codeigniter4\framework\system\CodeIgniter.php(351): CodeIgniter\CodeIgniter->handleRequest(NULL, Object(Config\Cache), false)
#10 C:\wamp64\www\codeigniter_projects\event_registration_form\public\index.php(67): CodeIgniter\CodeIgniter->run()
#11 C:\wamp64\www\codeigniter_projects\event_registration_form\vendor\codeigniter4\framework\system\Commands\Server\rewrite.php(46): require_once('C:\\wamp64\\www\\c...')
#12 {main}
ERROR - 2022-12-02 06:55:17 --> Email: Unable to send email using SMTP. Your server might not be configured to send mail using this method.
ERROR - 2022-12-02 06:55:17 --> 
hello: 
The following SMTP error was encountered: 
starttls: 
The following SMTP error was encountered: 
ERROR - 2022-12-02 06:57:51 --> Email: sendWithSmtp throwed ErrorException: stream_socket_enable_crypto(): SSL: The operation completed successfully in C:\wamp64\www\codeigniter_projects\event_registration_form\vendor\codeigniter4\framework\system\Email\Email.php:1881
Stack trace:
#0 [internal function]: CodeIgniter\Debug\Exceptions->errorHandler(2, 'stream_socket_e...', 'C:\\wamp64\\www\\c...', 1881)
#1 C:\wamp64\www\codeigniter_projects\event_registration_form\vendor\codeigniter4\framework\system\Email\Email.php(1881): stream_socket_enable_crypto(Resource id #143, true, 57)
#2 C:\wamp64\www\codeigniter_projects\event_registration_form\vendor\codeigniter4\framework\system\Email\Email.php(1777): CodeIgniter\Email\Email->SMTPConnect()
#3 C:\wamp64\www\codeigniter_projects\event_registration_form\vendor\codeigniter4\framework\system\Email\Email.php(1662): CodeIgniter\Email\Email->sendWithSmtp()
#4 C:\wamp64\www\codeigniter_projects\event_registration_form\vendor\codeigniter4\framework\system\Email\Email.php(1560): CodeIgniter\Email\Email->spoolEmail()
#5 C:\wamp64\www\codeigniter_projects\event_registration_form\app\Controllers\RegistrationController.php(122): CodeIgniter\Email\Email->send()
#6 C:\wamp64\www\codeigniter_projects\event_registration_form\app\Controllers\RegistrationController.php(93): App\Controllers\RegistrationController->sendMail()
#7 C:\wamp64\www\codeigniter_projects\event_registration_form\vendor\codeigniter4\framework\system\CodeIgniter.php(927): App\Controllers\RegistrationController->register()
#8 C:\wamp64\www\codeigniter_projects\event_registration_form\vendor\codeigniter4\framework\system\CodeIgniter.php(482): CodeIgniter\CodeIgniter->runController(Object(App\Controllers\RegistrationController))
#9 C:\wamp64\www\codeigniter_projects\event_registration_form\vendor\codeigniter4\framework\system\CodeIgniter.php(351): CodeIgniter\CodeIgniter->handleRequest(NULL, Object(Config\Cache), false)
#10 C:\wamp64\www\codeigniter_projects\event_registration_form\public\index.php(67): CodeIgniter\CodeIgniter->run()
#11 C:\wamp64\www\codeigniter_projects\event_registration_form\vendor\codeigniter4\framework\system\Commands\Server\rewrite.php(46): require_once('C:\\wamp64\\www\\c...')
#12 {main}
ERROR - 2022-12-02 06:57:51 --> Email: Unable to send email using SMTP. Your server might not be configured to send mail using this method.
ERROR - 2022-12-02 06:57:51 --> 220 mx.zohomail.com SMTP Server ready December 2, 2022 4:57:49 AM PST

hello: 550 Transaction failed; HELO/EHLO argument not accepted

The following SMTP error was encountered: 550 Transaction failed; HELO/EHLO argument not accepted

starttls: 421 Local Error, closing transmission channel

The following SMTP error was encountered: 421 Local Error, closing transmission channel

ERROR - 2022-12-02 06:57:51 --> Email: sendWithSmtp throwed ErrorException: fwrite(): Send of 6 bytes failed with errno=10053 An established connection was aborted by the software in your host machine in C:\wamp64\www\codeigniter_projects\event_registration_form\vendor\codeigniter4\framework\system\Email\Email.php:2034
Stack trace:
#0 [internal function]: CodeIgniter\Debug\Exceptions->errorHandler(8, 'fwrite(): Send ...', 'C:\\wamp64\\www\\c...', 2034)
#1 C:\wamp64\www\codeigniter_projects\event_registration_form\vendor\codeigniter4\framework\system\Email\Email.php(2034): fwrite(Resource id #143, 'QUIT\r\n')
#2 C:\wamp64\www\codeigniter_projects\event_registration_form\vendor\codeigniter4\framework\system\Email\Email.php(1943): CodeIgniter\Email\Email->sendData('QUIT\r\n')
#3 C:\wamp64\www\codeigniter_projects\event_registration_form\vendor\codeigniter4\framework\system\Email\Email.php(2171): CodeIgniter\Email\Email->sendCommand('quit')
#4 [internal function]: CodeIgniter\Email\Email->__destruct()
#5 {main}
ERROR - 2022-12-02 07:04:24 --> Email: sendWithSmtp throwed ErrorException: stream_socket_enable_crypto(): SSL: The operation completed successfully in C:\wamp64\www\codeigniter_projects\event_registration_form\vendor\codeigniter4\framework\system\Email\Email.php:1881
Stack trace:
#0 [internal function]: CodeIgniter\Debug\Exceptions->errorHandler(2, 'stream_socket_e...', 'C:\\wamp64\\www\\c...', 1881)
#1 C:\wamp64\www\codeigniter_projects\event_registration_form\vendor\codeigniter4\framework\system\Email\Email.php(1881): stream_socket_enable_crypto(Resource id #143, true, 57)
#2 C:\wamp64\www\codeigniter_projects\event_registration_form\vendor\codeigniter4\framework\system\Email\Email.php(1777): CodeIgniter\Email\Email->SMTPConnect()
#3 C:\wamp64\www\codeigniter_projects\event_registration_form\vendor\codeigniter4\framework\system\Email\Email.php(1662): CodeIgniter\Email\Email->sendWithSmtp()
#4 C:\wamp64\www\codeigniter_projects\event_registration_form\vendor\codeigniter4\framework\system\Email\Email.php(1560): CodeIgniter\Email\Email->spoolEmail()
#5 C:\wamp64\www\codeigniter_projects\event_registration_form\app\Controllers\RegistrationController.php(122): CodeIgniter\Email\Email->send()
#6 C:\wamp64\www\codeigniter_projects\event_registration_form\app\Controllers\RegistrationController.php(93): App\Controllers\RegistrationController->sendMail()
#7 C:\wamp64\www\codeigniter_projects\event_registration_form\vendor\codeigniter4\framework\system\CodeIgniter.php(927): App\Controllers\RegistrationController->register()
#8 C:\wamp64\www\codeigniter_projects\event_registration_form\vendor\codeigniter4\framework\system\CodeIgniter.php(482): CodeIgniter\CodeIgniter->runController(Object(App\Controllers\RegistrationController))
#9 C:\wamp64\www\codeigniter_projects\event_registration_form\vendor\codeigniter4\framework\system\CodeIgniter.php(351): CodeIgniter\CodeIgniter->handleRequest(NULL, Object(Config\Cache), false)
#10 C:\wamp64\www\codeigniter_projects\event_registration_form\public\index.php(67): CodeIgniter\CodeIgniter->run()
#11 C:\wamp64\www\codeigniter_projects\event_registration_form\vendor\codeigniter4\framework\system\Commands\Server\rewrite.php(46): require_once('C:\\wamp64\\www\\c...')
#12 {main}
ERROR - 2022-12-02 07:04:24 --> Email: Unable to send email using SMTP. Your server might not be configured to send mail using this method.
ERROR - 2022-12-02 07:04:24 --> 220 mx.zohomail.com SMTP Server ready December 2, 2022 5:04:22 AM PST

hello: 550 Transaction failed; HELO/EHLO argument not accepted

The following SMTP error was encountered: 550 Transaction failed; HELO/EHLO argument not accepted

starttls: 421 Local Error, closing transmission channel

The following SMTP error was encountered: 421 Local Error, closing transmission channel

